Analysis & Synthesis report for Project_2
Tue Nov 28 05:22:15 2017
Quartus Prime Version 16.1.0 Build 196 10/24/2016 SJ Lite Edition


---------------------
; Table of Contents ;
---------------------
  1. Legal Notice
  2. Analysis & Synthesis Summary
  3. Analysis & Synthesis Settings
  4. Parallel Compilation
  5. Analysis & Synthesis Source Files Read
  6. Analysis & Synthesis Resource Usage Summary
  7. Analysis & Synthesis Resource Utilization by Entity
  8. General Register Statistics
  9. Inverted Register Statistics
 10. Multiplexer Restructuring Statistics (Restructuring Performed)
 11. Post-Synthesis Netlist Statistics for Top Partition
 12. Elapsed Time Per Partition
 13. Analysis & Synthesis Messages



----------------
; Legal Notice ;
----------------
Copyright (C) 2016  Intel Corporation. All rights reserved.
Your use of Intel Corporation's design tools, logic functions 
and other software and tools, and its AMPP partner logic 
functions, and any output files from any of the foregoing 
(including device programming or simulation files), and any 
associated documentation or information are expressly subject 
to the terms and conditions of the Intel Program License 
Subscription Agreement, the Intel Quartus Prime License Agreement,
the Intel MegaCore Function License Agreement, or other 
applicable license agreement, including, without limitation, 
that your use is for the sole purpose of programming logic 
devices manufactured by Intel and sold by Intel or its 
authorized distributors.  Please refer to the applicable 
agreement for further details.



+----------------------------------------------------------------------------------+
; Analysis & Synthesis Summary                                                     ;
+------------------------------------+---------------------------------------------+
; Analysis & Synthesis Status        ; Successful - Tue Nov 28 05:22:14 2017       ;
; Quartus Prime Version              ; 16.1.0 Build 196 10/24/2016 SJ Lite Edition ;
; Revision Name                      ; Project_2                                   ;
; Top-level Entity Name              ; dRAM                                        ;
; Family                             ; Cyclone IV E                                ;
; Total logic elements               ; 26,870                                      ;
;     Total combinational functions  ; 26,870                                      ;
;     Dedicated logic registers      ; 2,114                                       ;
; Total registers                    ; 2114                                        ;
; Total pins                         ; 445                                         ;
; Total virtual pins                 ; 0                                           ;
; Total memory bits                  ; 0                                           ;
; Embedded Multiplier 9-bit elements ; 0                                           ;
; Total PLLs                         ; 0                                           ;
+------------------------------------+---------------------------------------------+


+----------------------------------------------------------------------------------------------------------------------+
; Analysis & Synthesis Settings                                                                                        ;
+----------------------------------------------------------------------------+--------------------+--------------------+
; Option                                                                     ; Setting            ; Default Value      ;
+----------------------------------------------------------------------------+--------------------+--------------------+
; Device                                                                     ; EP4CE40F29C6       ;                    ;
; Top-level entity name                                                      ; dRAM               ; Project_2          ;
; Family name                                                                ; Cyclone IV E       ; Cyclone V          ;
; Use smart compilation                                                      ; Off                ; Off                ;
; Enable parallel Assembler and TimeQuest Timing Analyzer during compilation ; On                 ; On                 ;
; Enable compact report table                                                ; Off                ; Off                ;
; Restructure Multiplexers                                                   ; Auto               ; Auto               ;
; Create Debugging Nodes for IP Cores                                        ; Off                ; Off                ;
; Preserve fewer node names                                                  ; On                 ; On                 ;
; OpenCore Plus hardware evaluation                                          ; Enable             ; Enable             ;
; Verilog Version                                                            ; Verilog_2001       ; Verilog_2001       ;
; VHDL Version                                                               ; VHDL_1993          ; VHDL_1993          ;
; State Machine Processing                                                   ; Auto               ; Auto               ;
; Safe State Machine                                                         ; Off                ; Off                ;
; Extract Verilog State Machines                                             ; On                 ; On                 ;
; Extract VHDL State Machines                                                ; On                 ; On                 ;
; Ignore Verilog initial constructs                                          ; Off                ; Off                ;
; Iteration limit for constant Verilog loops                                 ; 5000               ; 5000               ;
; Iteration limit for non-constant Verilog loops                             ; 250                ; 250                ;
; Add Pass-Through Logic to Inferred RAMs                                    ; On                 ; On                 ;
; Infer RAMs from Raw Logic                                                  ; On                 ; On                 ;
; Parallel Synthesis                                                         ; On                 ; On                 ;
; DSP Block Balancing                                                        ; Auto               ; Auto               ;
; NOT Gate Push-Back                                                         ; On                 ; On                 ;
; Power-Up Don't Care                                                        ; On                 ; On                 ;
; Remove Redundant Logic Cells                                               ; Off                ; Off                ;
; Remove Duplicate Registers                                                 ; On                 ; On                 ;
; Ignore CARRY Buffers                                                       ; Off                ; Off                ;
; Ignore CASCADE Buffers                                                     ; Off                ; Off                ;
; Ignore GLOBAL Buffers                                                      ; Off                ; Off                ;
; Ignore ROW GLOBAL Buffers                                                  ; Off                ; Off                ;
; Ignore LCELL Buffers                                                       ; Off                ; Off                ;
; Ignore SOFT Buffers                                                        ; On                 ; On                 ;
; Limit AHDL Integers to 32 Bits                                             ; Off                ; Off                ;
; Optimization Technique                                                     ; Balanced           ; Balanced           ;
; Carry Chain Length                                                         ; 70                 ; 70                 ;
; Auto Carry Chains                                                          ; On                 ; On                 ;
; Auto Open-Drain Pins                                                       ; On                 ; On                 ;
; Perform WYSIWYG Primitive Resynthesis                                      ; Off                ; Off                ;
; Auto ROM Replacement                                                       ; On                 ; On                 ;
; Auto RAM Replacement                                                       ; On                 ; On                 ;
; Auto DSP Block Replacement                                                 ; On                 ; On                 ;
; Auto Shift Register Replacement                                            ; Auto               ; Auto               ;
; Allow Shift Register Merging across Hierarchies                            ; Auto               ; Auto               ;
; Auto Clock Enable Replacement                                              ; On                 ; On                 ;
; Strict RAM Replacement                                                     ; Off                ; Off                ;
; Allow Synchronous Control Signals                                          ; On                 ; On                 ;
; Force Use of Synchronous Clear Signals                                     ; Off                ; Off                ;
; Auto RAM Block Balancing                                                   ; On                 ; On                 ;
; Auto RAM to Logic Cell Conversion                                          ; Off                ; Off                ;
; Auto Resource Sharing                                                      ; Off                ; Off                ;
; Allow Any RAM Size For Recognition                                         ; Off                ; Off                ;
; Allow Any ROM Size For Recognition                                         ; Off                ; Off                ;
; Allow Any Shift Register Size For Recognition                              ; Off                ; Off                ;
; Use LogicLock Constraints during Resource Balancing                        ; On                 ; On                 ;
; Ignore translate_off and synthesis_off directives                          ; Off                ; Off                ;
; Timing-Driven Synthesis                                                    ; On                 ; On                 ;
; Report Parameter Settings                                                  ; On                 ; On                 ;
; Report Source Assignments                                                  ; On                 ; On                 ;
; Report Connectivity Checks                                                 ; On                 ; On                 ;
; Ignore Maximum Fan-Out Assignments                                         ; Off                ; Off                ;
; Synchronization Register Chain Length                                      ; 2                  ; 2                  ;
; PowerPlay Power Optimization During Synthesis                              ; Normal compilation ; Normal compilation ;
; HDL message level                                                          ; Level2             ; Level2             ;
; Suppress Register Optimization Related Messages                            ; Off                ; Off                ;
; Number of Removed Registers Reported in Synthesis Report                   ; 5000               ; 5000               ;
; Number of Swept Nodes Reported in Synthesis Report                         ; 5000               ; 5000               ;
; Number of Inverted Registers Reported in Synthesis Report                  ; 100                ; 100                ;
; Clock MUX Protection                                                       ; On                 ; On                 ;
; Auto Gated Clock Conversion                                                ; Off                ; Off                ;
; Block Design Naming                                                        ; Auto               ; Auto               ;
; SDC constraint protection                                                  ; Off                ; Off                ;
; Synthesis Effort                                                           ; Auto               ; Auto               ;
; Shift Register Replacement - Allow Asynchronous Clear Signal               ; On                 ; On                 ;
; Pre-Mapping Resynthesis Optimization                                       ; Off                ; Off                ;
; Analysis & Synthesis Message Level                                         ; Medium             ; Medium             ;
; Disable Register Merging Across Hierarchies                                ; Auto               ; Auto               ;
; Resource Aware Inference For Block RAM                                     ; On                 ; On                 ;
+----------------------------------------------------------------------------+--------------------+--------------------+


+------------------------------------------+
; Parallel Compilation                     ;
+----------------------------+-------------+
; Processors                 ; Number      ;
+----------------------------+-------------+
; Number detected on machine ; 4           ;
; Maximum allowed            ; 2           ;
;                            ;             ;
; Average used               ; 1.00        ;
; Maximum used               ; 2           ;
;                            ;             ;
; Usage by Processor         ; % Time Used ;
;     Processor 1            ; 100.0%      ;
;     Processor 2            ;   0.1%      ;
+----------------------------+-------------+


+-------------------------------------------------------------------------------------------------------------------------------+
; Analysis & Synthesis Source Files Read                                                                                        ;
+----------------------------------+-----------------+-----------------+----------------------------------------------+---------+
; File Name with User-Entered Path ; Used in Netlist ; File Type       ; File Name with Absolute Path                 ; Library ;
+----------------------------------+-----------------+-----------------+----------------------------------------------+---------+
; dRAM.vhd                         ; yes             ; User VHDL File  ; C:/Users/Om/Desktop/Project 2/dRAM.vhd       ;         ;
; Components.vhd                   ; yes             ; User VHDL File  ; C:/Users/Om/Desktop/Project 2/Components.vhd ;         ;
+----------------------------------+-----------------+-----------------+----------------------------------------------+---------+


+-----------------------------------------------------------+
; Analysis & Synthesis Resource Usage Summary               ;
+---------------------------------------------+-------------+
; Resource                                    ; Usage       ;
+---------------------------------------------+-------------+
; Estimated Total logic elements              ; 26,870      ;
;                                             ;             ;
; Total combinational functions               ; 26870       ;
; Logic element usage by number of LUT inputs ;             ;
;     -- 4 input functions                    ; 26127       ;
;     -- 3 input functions                    ; 420         ;
;     -- <=2 input functions                  ; 323         ;
;                                             ;             ;
; Logic elements by mode                      ;             ;
;     -- normal mode                          ; 26809       ;
;     -- arithmetic mode                      ; 61          ;
;                                             ;             ;
; Total registers                             ; 2114        ;
;     -- Dedicated logic registers            ; 2114        ;
;     -- I/O registers                        ; 0           ;
;                                             ;             ;
; I/O pins                                    ; 445         ;
;                                             ;             ;
; Embedded Multiplier 9-bit elements          ; 0           ;
;                                             ;             ;
; Maximum fan-out node                        ; clock~input ;
; Maximum fan-out                             ; 2114        ;
; Total fan-out                               ; 113342      ;
; Average fan-out                             ; 3.79        ;
+---------------------------------------------+-------------+


+----------------------------------------------------------------------------------------------------------------------------------------------------------------------------------------------------------+
; Analysis & Synthesis Resource Utilization by Entity                                                                                                                                                      ;
+----------------------------+---------------------+---------------------------+-------------+--------------+---------+-----------+------+--------------+---------------------+-------------+--------------+
; Compilation Hierarchy Node ; Combinational ALUTs ; Dedicated Logic Registers ; Memory Bits ; DSP Elements ; DSP 9x9 ; DSP 18x18 ; Pins ; Virtual Pins ; Full Hierarchy Name ; Entity Name ; Library Name ;
+----------------------------+---------------------+---------------------------+-------------+--------------+---------+-----------+------+--------------+---------------------+-------------+--------------+
; |dRAM                      ; 26870 (26870)       ; 2114 (2114)               ; 0           ; 0            ; 0       ; 0         ; 445  ; 0            ; |dRAM               ; dRAM        ; work         ;
+----------------------------+---------------------+---------------------------+-------------+--------------+---------+-----------+------+--------------+---------------------+-------------+--------------+
Note: For table entries with two numbers listed, the numbers in parentheses indicate the number of resources of the given type used by the specific entity alone. The numbers listed outside of parentheses indicate the total resources of the given type used by the specific entity and all of its sub-entities in the hierarchy.


+------------------------------------------------------+
; General Register Statistics                          ;
+----------------------------------------------+-------+
; Statistic                                    ; Value ;
+----------------------------------------------+-------+
; Total registers                              ; 2114  ;
; Number of registers using Synchronous Clear  ; 0     ;
; Number of registers using Synchronous Load   ; 0     ;
; Number of registers using Asynchronous Clear ; 0     ;
; Number of registers using Asynchronous Load  ; 0     ;
; Number of registers using Clock Enable       ; 2113  ;
; Number of registers using Preset             ; 0     ;
+----------------------------------------------+-------+


+--------------------------------------------------+
; Inverted Register Statistics                     ;
+----------------------------------------+---------+
; Inverted Register                      ; Fan out ;
+----------------------------------------+---------+
; wr_flag                                ; 2       ;
; Total number of inverted registers = 1 ;         ;
+----------------------------------------+---------+


+----------------------------------------------------------------------------------------------------------------------------------------------+
; Multiplexer Restructuring Statistics (Restructuring Performed)                                                                               ;
+--------------------+-----------+---------------+----------------------+------------------------+------------+--------------------------------+
; Multiplexer Inputs ; Bus Width ; Baseline Area ; Area if Restructured ; Saving if Restructured ; Registered ; Example Multiplexer Output     ;
+--------------------+-----------+---------------+----------------------+------------------------+------------+--------------------------------+
; 5:1                ; 32 bits   ; 96 LEs        ; 96 LEs               ; 0 LEs                  ; Yes        ; |dRAM|\RamProc:address_in_r[9] ;
; 11:1               ; 16 bits   ; 112 LEs       ; 96 LEs               ; 16 LEs                 ; Yes        ; |dRAM|ram[0][13]               ;
; 11:1               ; 16 bits   ; 112 LEs       ; 96 LEs               ; 16 LEs                 ; Yes        ; |dRAM|ram[1][2]                ;
; 11:1               ; 16 bits   ; 112 LEs       ; 96 LEs               ; 16 LEs                 ; Yes        ; |dRAM|ram[2][9]                ;
; 11:1               ; 16 bits   ; 112 LEs       ; 96 LEs               ; 16 LEs                 ; Yes        ; |dRAM|ram[3][1]                ;
; 11:1               ; 16 bits   ; 112 LEs       ; 96 LEs               ; 16 LEs                 ; Yes        ; |dRAM|ram[4][15]               ;
; 11:1               ; 16 bits   ; 112 LEs       ; 96 LEs               ; 16 LEs                 ; Yes        ; |dRAM|ram[5][10]               ;
; 11:1               ; 16 bits   ; 112 LEs       ; 96 LEs               ; 16 LEs                 ; Yes        ; |dRAM|ram[6][14]               ;
; 11:1               ; 16 bits   ; 112 LEs       ; 96 LEs               ; 16 LEs                 ; Yes        ; |dRAM|ram[7][0]                ;
; 11:1               ; 16 bits   ; 112 LEs       ; 96 LEs               ; 16 LEs                 ; Yes        ; |dRAM|ram[8][3]                ;
; 11:1               ; 16 bits   ; 112 LEs       ; 96 LEs               ; 16 LEs                 ; Yes        ; |dRAM|ram[9][0]                ;
; 11:1               ; 16 bits   ; 112 LEs       ; 96 LEs               ; 16 LEs                 ; Yes        ; |dRAM|ram[10][9]               ;
; 11:1               ; 16 bits   ; 112 LEs       ; 96 LEs               ; 16 LEs                 ; Yes        ; |dRAM|ram[11][13]              ;
; 11:1               ; 16 bits   ; 112 LEs       ; 96 LEs               ; 16 LEs                 ; Yes        ; |dRAM|ram[12][5]               ;
; 11:1               ; 16 bits   ; 112 LEs       ; 96 LEs               ; 16 LEs                 ; Yes        ; |dRAM|ram[13][4]               ;
; 11:1               ; 16 bits   ; 112 LEs       ; 96 LEs               ; 16 LEs                 ; Yes        ; |dRAM|ram[14][8]               ;
; 11:1               ; 16 bits   ; 112 LEs       ; 96 LEs               ; 16 LEs                 ; Yes        ; |dRAM|ram[15][10]              ;
; 11:1               ; 16 bits   ; 112 LEs       ; 96 LEs               ; 16 LEs                 ; Yes        ; |dRAM|ram[16][2]               ;
; 11:1               ; 16 bits   ; 112 LEs       ; 96 LEs               ; 16 LEs                 ; Yes        ; |dRAM|ram[17][9]               ;
; 11:1               ; 16 bits   ; 112 LEs       ; 96 LEs               ; 16 LEs                 ; Yes        ; |dRAM|ram[18][7]               ;
; 11:1               ; 16 bits   ; 112 LEs       ; 96 LEs               ; 16 LEs                 ; Yes        ; |dRAM|ram[19][8]               ;
; 11:1               ; 16 bits   ; 112 LEs       ; 96 LEs               ; 16 LEs                 ; Yes        ; |dRAM|ram[20][6]               ;
; 11:1               ; 16 bits   ; 112 LEs       ; 96 LEs               ; 16 LEs                 ; Yes        ; |dRAM|ram[21][10]              ;
; 11:1               ; 16 bits   ; 112 LEs       ; 96 LEs               ; 16 LEs                 ; Yes        ; |dRAM|ram[22][11]              ;
; 11:1               ; 16 bits   ; 112 LEs       ; 96 LEs               ; 16 LEs                 ; Yes        ; |dRAM|ram[23][10]              ;
; 11:1               ; 16 bits   ; 112 LEs       ; 96 LEs               ; 16 LEs                 ; Yes        ; |dRAM|ram[24][2]               ;
; 11:1               ; 16 bits   ; 112 LEs       ; 96 LEs               ; 16 LEs                 ; Yes        ; |dRAM|ram[25][6]               ;
; 11:1               ; 16 bits   ; 112 LEs       ; 96 LEs               ; 16 LEs                 ; Yes        ; |dRAM|ram[26][11]              ;
; 11:1               ; 16 bits   ; 112 LEs       ; 96 LEs               ; 16 LEs                 ; Yes        ; |dRAM|ram[27][11]              ;
; 11:1               ; 16 bits   ; 112 LEs       ; 96 LEs               ; 16 LEs                 ; Yes        ; |dRAM|ram[28][14]              ;
; 11:1               ; 16 bits   ; 112 LEs       ; 96 LEs               ; 16 LEs                 ; Yes        ; |dRAM|ram[29][4]               ;
; 11:1               ; 16 bits   ; 112 LEs       ; 96 LEs               ; 16 LEs                 ; Yes        ; |dRAM|ram[30][2]               ;
; 11:1               ; 16 bits   ; 112 LEs       ; 96 LEs               ; 16 LEs                 ; Yes        ; |dRAM|ram[31][4]               ;
; 11:1               ; 16 bits   ; 112 LEs       ; 96 LEs               ; 16 LEs                 ; Yes        ; |dRAM|ram[32][0]               ;
; 11:1               ; 16 bits   ; 112 LEs       ; 96 LEs               ; 16 LEs                 ; Yes        ; |dRAM|ram[33][13]              ;
; 11:1               ; 16 bits   ; 112 LEs       ; 96 LEs               ; 16 LEs                 ; Yes        ; |dRAM|ram[34][3]               ;
; 11:1               ; 16 bits   ; 112 LEs       ; 96 LEs               ; 16 LEs                 ; Yes        ; |dRAM|ram[35][3]               ;
; 11:1               ; 16 bits   ; 112 LEs       ; 96 LEs               ; 16 LEs                 ; Yes        ; |dRAM|ram[36][1]               ;
; 11:1               ; 16 bits   ; 112 LEs       ; 96 LEs               ; 16 LEs                 ; Yes        ; |dRAM|ram[37][3]               ;
; 11:1               ; 16 bits   ; 112 LEs       ; 96 LEs               ; 16 LEs                 ; Yes        ; |dRAM|ram[38][14]              ;
; 11:1               ; 16 bits   ; 112 LEs       ; 96 LEs               ; 16 LEs                 ; Yes        ; |dRAM|ram[39][5]               ;
; 11:1               ; 16 bits   ; 112 LEs       ; 96 LEs               ; 16 LEs                 ; Yes        ; |dRAM|ram[40][5]               ;
; 11:1               ; 16 bits   ; 112 LEs       ; 96 LEs               ; 16 LEs                 ; Yes        ; |dRAM|ram[41][5]               ;
; 11:1               ; 16 bits   ; 112 LEs       ; 96 LEs               ; 16 LEs                 ; Yes        ; |dRAM|ram[42][5]               ;
; 11:1               ; 16 bits   ; 112 LEs       ; 96 LEs               ; 16 LEs                 ; Yes        ; |dRAM|ram[43][12]              ;
; 11:1               ; 16 bits   ; 112 LEs       ; 96 LEs               ; 16 LEs                 ; Yes        ; |dRAM|ram[44][9]               ;
; 11:1               ; 16 bits   ; 112 LEs       ; 96 LEs               ; 16 LEs                 ; Yes        ; |dRAM|ram[45][9]               ;
; 11:1               ; 16 bits   ; 112 LEs       ; 96 LEs               ; 16 LEs                 ; Yes        ; |dRAM|ram[46][7]               ;
; 11:1               ; 16 bits   ; 112 LEs       ; 96 LEs               ; 16 LEs                 ; Yes        ; |dRAM|ram[47][7]               ;
; 11:1               ; 16 bits   ; 112 LEs       ; 96 LEs               ; 16 LEs                 ; Yes        ; |dRAM|ram[48][15]              ;
; 11:1               ; 16 bits   ; 112 LEs       ; 96 LEs               ; 16 LEs                 ; Yes        ; |dRAM|ram[49][8]               ;
; 11:1               ; 16 bits   ; 112 LEs       ; 96 LEs               ; 16 LEs                 ; Yes        ; |dRAM|ram[50][9]               ;
; 11:1               ; 16 bits   ; 112 LEs       ; 96 LEs               ; 16 LEs                 ; Yes        ; |dRAM|ram[51][4]               ;
; 11:1               ; 16 bits   ; 112 LEs       ; 96 LEs               ; 16 LEs                 ; Yes        ; |dRAM|ram[52][3]               ;
; 11:1               ; 16 bits   ; 112 LEs       ; 96 LEs               ; 16 LEs                 ; Yes        ; |dRAM|ram[53][8]               ;
; 11:1               ; 16 bits   ; 112 LEs       ; 96 LEs               ; 16 LEs                 ; Yes        ; |dRAM|ram[54][10]              ;
; 11:1               ; 16 bits   ; 112 LEs       ; 96 LEs               ; 16 LEs                 ; Yes        ; |dRAM|ram[55][13]              ;
; 11:1               ; 16 bits   ; 112 LEs       ; 96 LEs               ; 16 LEs                 ; Yes        ; |dRAM|ram[56][4]               ;
; 11:1               ; 16 bits   ; 112 LEs       ; 96 LEs               ; 16 LEs                 ; Yes        ; |dRAM|ram[57][4]               ;
; 11:1               ; 16 bits   ; 112 LEs       ; 96 LEs               ; 16 LEs                 ; Yes        ; |dRAM|ram[58][5]               ;
; 11:1               ; 16 bits   ; 112 LEs       ; 96 LEs               ; 16 LEs                 ; Yes        ; |dRAM|ram[59][5]               ;
; 11:1               ; 16 bits   ; 112 LEs       ; 96 LEs               ; 16 LEs                 ; Yes        ; |dRAM|ram[60][5]               ;
; 11:1               ; 16 bits   ; 112 LEs       ; 96 LEs               ; 16 LEs                 ; Yes        ; |dRAM|ram[61][5]               ;
; 11:1               ; 16 bits   ; 112 LEs       ; 96 LEs               ; 16 LEs                 ; Yes        ; |dRAM|ram[62][5]               ;
; 11:1               ; 16 bits   ; 112 LEs       ; 96 LEs               ; 16 LEs                 ; Yes        ; |dRAM|ram[63][14]              ;
; 11:1               ; 16 bits   ; 112 LEs       ; 96 LEs               ; 16 LEs                 ; Yes        ; |dRAM|ram[64][11]              ;
; 11:1               ; 16 bits   ; 112 LEs       ; 96 LEs               ; 16 LEs                 ; Yes        ; |dRAM|ram[65][3]               ;
; 11:1               ; 16 bits   ; 112 LEs       ; 96 LEs               ; 16 LEs                 ; Yes        ; |dRAM|ram[66][10]              ;
; 11:1               ; 16 bits   ; 112 LEs       ; 96 LEs               ; 16 LEs                 ; Yes        ; |dRAM|ram[67][11]              ;
; 11:1               ; 16 bits   ; 112 LEs       ; 96 LEs               ; 16 LEs                 ; Yes        ; |dRAM|ram[68][13]              ;
; 11:1               ; 16 bits   ; 112 LEs       ; 96 LEs               ; 16 LEs                 ; Yes        ; |dRAM|ram[69][5]               ;
; 11:1               ; 16 bits   ; 112 LEs       ; 96 LEs               ; 16 LEs                 ; Yes        ; |dRAM|ram[70][13]              ;
; 11:1               ; 16 bits   ; 112 LEs       ; 96 LEs               ; 16 LEs                 ; Yes        ; |dRAM|ram[71][10]              ;
; 11:1               ; 16 bits   ; 112 LEs       ; 96 LEs               ; 16 LEs                 ; Yes        ; |dRAM|ram[72][14]              ;
; 11:1               ; 16 bits   ; 112 LEs       ; 96 LEs               ; 16 LEs                 ; Yes        ; |dRAM|ram[73][3]               ;
; 11:1               ; 16 bits   ; 112 LEs       ; 96 LEs               ; 16 LEs                 ; Yes        ; |dRAM|ram[74][7]               ;
; 11:1               ; 16 bits   ; 112 LEs       ; 96 LEs               ; 16 LEs                 ; Yes        ; |dRAM|ram[75][3]               ;
; 11:1               ; 16 bits   ; 112 LEs       ; 96 LEs               ; 16 LEs                 ; Yes        ; |dRAM|ram[76][8]               ;
; 11:1               ; 16 bits   ; 112 LEs       ; 96 LEs               ; 16 LEs                 ; Yes        ; |dRAM|ram[77][12]              ;
; 11:1               ; 16 bits   ; 112 LEs       ; 96 LEs               ; 16 LEs                 ; Yes        ; |dRAM|ram[78][12]              ;
; 11:1               ; 16 bits   ; 112 LEs       ; 96 LEs               ; 16 LEs                 ; Yes        ; |dRAM|ram[79][4]               ;
; 11:1               ; 16 bits   ; 112 LEs       ; 96 LEs               ; 16 LEs                 ; Yes        ; |dRAM|ram[80][15]              ;
; 11:1               ; 16 bits   ; 112 LEs       ; 96 LEs               ; 16 LEs                 ; Yes        ; |dRAM|ram[81][2]               ;
; 11:1               ; 16 bits   ; 112 LEs       ; 96 LEs               ; 16 LEs                 ; Yes        ; |dRAM|ram[82][6]               ;
; 11:1               ; 16 bits   ; 112 LEs       ; 96 LEs               ; 16 LEs                 ; Yes        ; |dRAM|ram[83][2]               ;
; 11:1               ; 16 bits   ; 112 LEs       ; 96 LEs               ; 16 LEs                 ; Yes        ; |dRAM|ram[84][15]              ;
; 11:1               ; 16 bits   ; 112 LEs       ; 96 LEs               ; 16 LEs                 ; Yes        ; |dRAM|ram[85][1]               ;
; 11:1               ; 16 bits   ; 112 LEs       ; 96 LEs               ; 16 LEs                 ; Yes        ; |dRAM|ram[86][1]               ;
; 11:1               ; 16 bits   ; 112 LEs       ; 96 LEs               ; 16 LEs                 ; Yes        ; |dRAM|ram[87][8]               ;
; 11:1               ; 16 bits   ; 112 LEs       ; 96 LEs               ; 16 LEs                 ; Yes        ; |dRAM|ram[88][8]               ;
; 11:1               ; 16 bits   ; 112 LEs       ; 96 LEs               ; 16 LEs                 ; Yes        ; |dRAM|ram[89][8]               ;
; 11:1               ; 16 bits   ; 112 LEs       ; 96 LEs               ; 16 LEs                 ; Yes        ; |dRAM|ram[90][8]               ;
; 11:1               ; 16 bits   ; 112 LEs       ; 96 LEs               ; 16 LEs                 ; Yes        ; |dRAM|ram[91][8]               ;
; 11:1               ; 16 bits   ; 112 LEs       ; 96 LEs               ; 16 LEs                 ; Yes        ; |dRAM|ram[92][8]               ;
; 11:1               ; 16 bits   ; 112 LEs       ; 96 LEs               ; 16 LEs                 ; Yes        ; |dRAM|ram[93][8]               ;
; 11:1               ; 16 bits   ; 112 LEs       ; 96 LEs               ; 16 LEs                 ; Yes        ; |dRAM|ram[94][14]              ;
; 11:1               ; 16 bits   ; 112 LEs       ; 96 LEs               ; 16 LEs                 ; Yes        ; |dRAM|ram[95][12]              ;
; 11:1               ; 16 bits   ; 112 LEs       ; 96 LEs               ; 16 LEs                 ; Yes        ; |dRAM|ram[96][13]              ;
; 11:1               ; 16 bits   ; 112 LEs       ; 96 LEs               ; 16 LEs                 ; Yes        ; |dRAM|ram[97][13]              ;
; 11:1               ; 16 bits   ; 112 LEs       ; 96 LEs               ; 16 LEs                 ; Yes        ; |dRAM|ram[98][13]              ;
; 11:1               ; 16 bits   ; 112 LEs       ; 96 LEs               ; 16 LEs                 ; Yes        ; |dRAM|ram[99][9]               ;
; 11:1               ; 16 bits   ; 112 LEs       ; 96 LEs               ; 16 LEs                 ; Yes        ; |dRAM|ram[100][10]             ;
; 11:1               ; 16 bits   ; 112 LEs       ; 96 LEs               ; 16 LEs                 ; Yes        ; |dRAM|ram[101][1]              ;
; 11:1               ; 16 bits   ; 112 LEs       ; 96 LEs               ; 16 LEs                 ; Yes        ; |dRAM|ram[102][10]             ;
; 11:1               ; 16 bits   ; 112 LEs       ; 96 LEs               ; 16 LEs                 ; Yes        ; |dRAM|ram[103][3]              ;
; 11:1               ; 16 bits   ; 112 LEs       ; 96 LEs               ; 16 LEs                 ; Yes        ; |dRAM|ram[104][3]              ;
; 11:1               ; 16 bits   ; 112 LEs       ; 96 LEs               ; 16 LEs                 ; Yes        ; |dRAM|ram[105][7]              ;
; 11:1               ; 16 bits   ; 112 LEs       ; 96 LEs               ; 16 LEs                 ; Yes        ; |dRAM|ram[106][11]             ;
; 11:1               ; 16 bits   ; 112 LEs       ; 96 LEs               ; 16 LEs                 ; Yes        ; |dRAM|ram[107][13]             ;
; 11:1               ; 16 bits   ; 112 LEs       ; 96 LEs               ; 16 LEs                 ; Yes        ; |dRAM|ram[108][14]             ;
; 11:1               ; 16 bits   ; 112 LEs       ; 96 LEs               ; 16 LEs                 ; Yes        ; |dRAM|ram[109][2]              ;
; 11:1               ; 16 bits   ; 112 LEs       ; 96 LEs               ; 16 LEs                 ; Yes        ; |dRAM|ram[110][3]              ;
; 11:1               ; 16 bits   ; 112 LEs       ; 96 LEs               ; 16 LEs                 ; Yes        ; |dRAM|ram[111][0]              ;
; 11:1               ; 16 bits   ; 112 LEs       ; 96 LEs               ; 16 LEs                 ; Yes        ; |dRAM|ram[112][5]              ;
; 11:1               ; 16 bits   ; 112 LEs       ; 96 LEs               ; 16 LEs                 ; Yes        ; |dRAM|ram[113][4]              ;
; 11:1               ; 16 bits   ; 112 LEs       ; 96 LEs               ; 16 LEs                 ; Yes        ; |dRAM|ram[114][12]             ;
; 11:1               ; 16 bits   ; 112 LEs       ; 96 LEs               ; 16 LEs                 ; Yes        ; |dRAM|ram[115][0]              ;
; 11:1               ; 16 bits   ; 112 LEs       ; 96 LEs               ; 16 LEs                 ; Yes        ; |dRAM|ram[116][10]             ;
; 11:1               ; 16 bits   ; 112 LEs       ; 96 LEs               ; 16 LEs                 ; Yes        ; |dRAM|ram[117][4]              ;
; 11:1               ; 16 bits   ; 112 LEs       ; 96 LEs               ; 16 LEs                 ; Yes        ; |dRAM|ram[118][11]             ;
; 11:1               ; 16 bits   ; 112 LEs       ; 96 LEs               ; 16 LEs                 ; Yes        ; |dRAM|ram[119][3]              ;
; 11:1               ; 16 bits   ; 112 LEs       ; 96 LEs               ; 16 LEs                 ; Yes        ; |dRAM|ram[120][14]             ;
; 11:1               ; 16 bits   ; 112 LEs       ; 96 LEs               ; 16 LEs                 ; Yes        ; |dRAM|ram[121][5]              ;
; 11:1               ; 16 bits   ; 112 LEs       ; 96 LEs               ; 16 LEs                 ; Yes        ; |dRAM|ram[122][5]              ;
; 11:1               ; 16 bits   ; 112 LEs       ; 96 LEs               ; 16 LEs                 ; Yes        ; |dRAM|ram[123][1]              ;
; 11:1               ; 16 bits   ; 112 LEs       ; 96 LEs               ; 16 LEs                 ; Yes        ; |dRAM|ram[124][1]              ;
; 11:1               ; 16 bits   ; 112 LEs       ; 96 LEs               ; 16 LEs                 ; Yes        ; |dRAM|ram[125][7]              ;
; 11:1               ; 16 bits   ; 112 LEs       ; 96 LEs               ; 16 LEs                 ; Yes        ; |dRAM|ram[126][5]              ;
; 11:1               ; 16 bits   ; 112 LEs       ; 96 LEs               ; 16 LEs                 ; Yes        ; |dRAM|ram[127][13]             ;
; 128:1              ; 16 bits   ; 1360 LEs      ; 1360 LEs             ; 0 LEs                  ; No         ; |dRAM|Mux19                    ;
; 128:1              ; 16 bits   ; 1360 LEs      ; 1360 LEs             ; 0 LEs                  ; No         ; |dRAM|Mux41                    ;
; 128:1              ; 16 bits   ; 1360 LEs      ; 1360 LEs             ; 0 LEs                  ; No         ; |dRAM|Mux55                    ;
; 128:1              ; 16 bits   ; 1360 LEs      ; 1360 LEs             ; 0 LEs                  ; No         ; |dRAM|Mux75                    ;
; 128:1              ; 16 bits   ; 1360 LEs      ; 1360 LEs             ; 0 LEs                  ; No         ; |dRAM|Mux80                    ;
; 128:1              ; 16 bits   ; 1360 LEs      ; 1360 LEs             ; 0 LEs                  ; No         ; |dRAM|Mux108                   ;
; 128:1              ; 16 bits   ; 1360 LEs      ; 1360 LEs             ; 0 LEs                  ; No         ; |dRAM|Mux115                   ;
; 128:1              ; 16 bits   ; 1360 LEs      ; 1360 LEs             ; 0 LEs                  ; No         ; |dRAM|Mux129                   ;
; 128:1              ; 16 bits   ; 1360 LEs      ; 1360 LEs             ; 0 LEs                  ; No         ; |dRAM|Mux2                     ;
+--------------------+-----------+---------------+----------------------+------------------------+------------+--------------------------------+


+-----------------------------------------------------+
; Post-Synthesis Netlist Statistics for Top Partition ;
+-----------------------+-----------------------------+
; Type                  ; Count                       ;
+-----------------------+-----------------------------+
; boundary_port         ; 445                         ;
; cycloneiii_ff         ; 2114                        ;
;     ENA               ; 2113                        ;
;     plain             ; 1                           ;
; cycloneiii_lcell_comb ; 26870                       ;
;     arith             ; 61                          ;
;         2 data inputs ; 60                          ;
;         3 data inputs ; 1                           ;
;     normal            ; 26809                       ;
;         1 data inputs ; 3                           ;
;         2 data inputs ; 260                         ;
;         3 data inputs ; 419                         ;
;         4 data inputs ; 26127                       ;
;                       ;                             ;
; Max LUT depth         ; 10.00                       ;
; Average LUT depth     ; 7.73                        ;
+-----------------------+-----------------------------+


+-------------------------------+
; Elapsed Time Per Partition    ;
+----------------+--------------+
; Partition Name ; Elapsed Time ;
+----------------+--------------+
; Top            ; 00:00:52     ;
+----------------+--------------+


+-------------------------------+
; Analysis & Synthesis Messages ;
+-------------------------------+
Info: *******************************************************************
Info: Running Quartus Prime Analysis & Synthesis
    Info: Version 16.1.0 Build 196 10/24/2016 SJ Lite Edition
    Info: Processing started: Tue Nov 28 05:21:03 2017
Info: Command: quartus_map --read_settings_files=on --write_settings_files=off Project_2 -c Project_2
Warning (18236): Number of processors has not been specified which may cause overloading on shared machines.  Set the global assignment NUM_PARALLEL_PROCESSORS in your QSF to an appropriate value for best performance.
Info (20030): Parallel compilation is enabled and will use 2 of the 2 processors detected
Info (12021): Found 2 design units, including 1 entities, in source file dram.vhd
    Info (12022): Found design unit 1: dRAM-dRTL File: C:/Users/Om/Desktop/Project 2/dRAM.vhd Line: 23
    Info (12023): Found entity 1: dRAM File: C:/Users/Om/Desktop/Project 2/dRAM.vhd Line: 6
Info (12021): Found 1 design units, including 0 entities, in source file components.vhd
    Info (12022): Found design unit 1: components File: C:/Users/Om/Desktop/Project 2/Components.vhd Line: 21
Info (12127): Elaborating entity "dRAM" for the top level hierarchy
Warning (10540): VHDL Signal Declaration warning at dRAM.vhd(29): used explicit default value for signal "masking_vec" because signal was never assigned a value File: C:/Users/Om/Desktop/Project 2/dRAM.vhd Line: 29
Warning (113028): 31 out of 64 addresses are uninitialized. The Quartus Prime software will initialize them to "0". There are 1 warnings found, and 1 warnings are reported. File: C:/Users/Om/Desktop/Project 2/db/Project_2.ram0_dRAM_3239d4.hdl.mif Line: 1
    Warning (113027): Addresses ranging from 33 to 63 are not initialized File: C:/Users/Om/Desktop/Project 2/db/Project_2.ram0_dRAM_3239d4.hdl.mif Line: 1
Info (286030): Timing-Driven Synthesis is running
Info (16010): Generating hard_block partition "hard_block:auto_generated_inst"
    Info (16011): Adding 0 node(s), including 0 DDIO, 0 PLL, 0 transceiver and 0 LCELL
Warning (21074): Design contains 81 input pin(s) that do not drive logic
    Warning (15610): No output dependent on input pin "Addr_mem[0][7]" File: C:/Users/Om/Desktop/Project 2/dRAM.vhd Line: 12
    Warning (15610): No output dependent on input pin "Addr_mem[0][8]" File: C:/Users/Om/Desktop/Project 2/dRAM.vhd Line: 12
    Warning (15610): No output dependent on input pin "Addr_mem[0][9]" File: C:/Users/Om/Desktop/Project 2/dRAM.vhd Line: 12
    Warning (15610): No output dependent on input pin "Addr_mem[0][10]" File: C:/Users/Om/Desktop/Project 2/dRAM.vhd Line: 12
    Warning (15610): No output dependent on input pin "Addr_mem[0][11]" File: C:/Users/Om/Desktop/Project 2/dRAM.vhd Line: 12
    Warning (15610): No output dependent on input pin "Addr_mem[0][12]" File: C:/Users/Om/Desktop/Project 2/dRAM.vhd Line: 12
    Warning (15610): No output dependent on input pin "Addr_mem[0][13]" File: C:/Users/Om/Desktop/Project 2/dRAM.vhd Line: 12
    Warning (15610): No output dependent on input pin "Addr_mem[0][14]" File: C:/Users/Om/Desktop/Project 2/dRAM.vhd Line: 12
    Warning (15610): No output dependent on input pin "Addr_mem[0][15]" File: C:/Users/Om/Desktop/Project 2/dRAM.vhd Line: 12
    Warning (15610): No output dependent on input pin "Addr_mem[1][7]" File: C:/Users/Om/Desktop/Project 2/dRAM.vhd Line: 12
    Warning (15610): No output dependent on input pin "Addr_mem[1][8]" File: C:/Users/Om/Desktop/Project 2/dRAM.vhd Line: 12
    Warning (15610): No output dependent on input pin "Addr_mem[1][9]" File: C:/Users/Om/Desktop/Project 2/dRAM.vhd Line: 12
    Warning (15610): No output dependent on input pin "Addr_mem[1][10]" File: C:/Users/Om/Desktop/Project 2/dRAM.vhd Line: 12
    Warning (15610): No output dependent on input pin "Addr_mem[1][11]" File: C:/Users/Om/Desktop/Project 2/dRAM.vhd Line: 12
    Warning (15610): No output dependent on input pin "Addr_mem[1][12]" File: C:/Users/Om/Desktop/Project 2/dRAM.vhd Line: 12
    Warning (15610): No output dependent on input pin "Addr_mem[1][13]" File: C:/Users/Om/Desktop/Project 2/dRAM.vhd Line: 12
    Warning (15610): No output dependent on input pin "Addr_mem[1][14]" File: C:/Users/Om/Desktop/Project 2/dRAM.vhd Line: 12
    Warning (15610): No output dependent on input pin "Addr_mem[1][15]" File: C:/Users/Om/Desktop/Project 2/dRAM.vhd Line: 12
    Warning (15610): No output dependent on input pin "Addr_mem[2][7]" File: C:/Users/Om/Desktop/Project 2/dRAM.vhd Line: 12
    Warning (15610): No output dependent on input pin "Addr_mem[2][8]" File: C:/Users/Om/Desktop/Project 2/dRAM.vhd Line: 12
    Warning (15610): No output dependent on input pin "Addr_mem[2][9]" File: C:/Users/Om/Desktop/Project 2/dRAM.vhd Line: 12
    Warning (15610): No output dependent on input pin "Addr_mem[2][10]" File: C:/Users/Om/Desktop/Project 2/dRAM.vhd Line: 12
    Warning (15610): No output dependent on input pin "Addr_mem[2][11]" File: C:/Users/Om/Desktop/Project 2/dRAM.vhd Line: 12
    Warning (15610): No output dependent on input pin "Addr_mem[2][12]" File: C:/Users/Om/Desktop/Project 2/dRAM.vhd Line: 12
    Warning (15610): No output dependent on input pin "Addr_mem[2][13]" File: C:/Users/Om/Desktop/Project 2/dRAM.vhd Line: 12
    Warning (15610): No output dependent on input pin "Addr_mem[2][14]" File: C:/Users/Om/Desktop/Project 2/dRAM.vhd Line: 12
    Warning (15610): No output dependent on input pin "Addr_mem[2][15]" File: C:/Users/Om/Desktop/Project 2/dRAM.vhd Line: 12
    Warning (15610): No output dependent on input pin "Addr_mem[3][7]" File: C:/Users/Om/Desktop/Project 2/dRAM.vhd Line: 12
    Warning (15610): No output dependent on input pin "Addr_mem[3][8]" File: C:/Users/Om/Desktop/Project 2/dRAM.vhd Line: 12
    Warning (15610): No output dependent on input pin "Addr_mem[3][9]" File: C:/Users/Om/Desktop/Project 2/dRAM.vhd Line: 12
    Warning (15610): No output dependent on input pin "Addr_mem[3][10]" File: C:/Users/Om/Desktop/Project 2/dRAM.vhd Line: 12
    Warning (15610): No output dependent on input pin "Addr_mem[3][11]" File: C:/Users/Om/Desktop/Project 2/dRAM.vhd Line: 12
    Warning (15610): No output dependent on input pin "Addr_mem[3][12]" File: C:/Users/Om/Desktop/Project 2/dRAM.vhd Line: 12
    Warning (15610): No output dependent on input pin "Addr_mem[3][13]" File: C:/Users/Om/Desktop/Project 2/dRAM.vhd Line: 12
    Warning (15610): No output dependent on input pin "Addr_mem[3][14]" File: C:/Users/Om/Desktop/Project 2/dRAM.vhd Line: 12
    Warning (15610): No output dependent on input pin "Addr_mem[3][15]" File: C:/Users/Om/Desktop/Project 2/dRAM.vhd Line: 12
    Warning (15610): No output dependent on input pin "Addr_mem[4][7]" File: C:/Users/Om/Desktop/Project 2/dRAM.vhd Line: 12
    Warning (15610): No output dependent on input pin "Addr_mem[4][8]" File: C:/Users/Om/Desktop/Project 2/dRAM.vhd Line: 12
    Warning (15610): No output dependent on input pin "Addr_mem[4][9]" File: C:/Users/Om/Desktop/Project 2/dRAM.vhd Line: 12
    Warning (15610): No output dependent on input pin "Addr_mem[4][10]" File: C:/Users/Om/Desktop/Project 2/dRAM.vhd Line: 12
    Warning (15610): No output dependent on input pin "Addr_mem[4][11]" File: C:/Users/Om/Desktop/Project 2/dRAM.vhd Line: 12
    Warning (15610): No output dependent on input pin "Addr_mem[4][12]" File: C:/Users/Om/Desktop/Project 2/dRAM.vhd Line: 12
    Warning (15610): No output dependent on input pin "Addr_mem[4][13]" File: C:/Users/Om/Desktop/Project 2/dRAM.vhd Line: 12
    Warning (15610): No output dependent on input pin "Addr_mem[4][14]" File: C:/Users/Om/Desktop/Project 2/dRAM.vhd Line: 12
    Warning (15610): No output dependent on input pin "Addr_mem[4][15]" File: C:/Users/Om/Desktop/Project 2/dRAM.vhd Line: 12
    Warning (15610): No output dependent on input pin "Addr_mem[5][7]" File: C:/Users/Om/Desktop/Project 2/dRAM.vhd Line: 12
    Warning (15610): No output dependent on input pin "Addr_mem[5][8]" File: C:/Users/Om/Desktop/Project 2/dRAM.vhd Line: 12
    Warning (15610): No output dependent on input pin "Addr_mem[5][9]" File: C:/Users/Om/Desktop/Project 2/dRAM.vhd Line: 12
    Warning (15610): No output dependent on input pin "Addr_mem[5][10]" File: C:/Users/Om/Desktop/Project 2/dRAM.vhd Line: 12
    Warning (15610): No output dependent on input pin "Addr_mem[5][11]" File: C:/Users/Om/Desktop/Project 2/dRAM.vhd Line: 12
    Warning (15610): No output dependent on input pin "Addr_mem[5][12]" File: C:/Users/Om/Desktop/Project 2/dRAM.vhd Line: 12
    Warning (15610): No output dependent on input pin "Addr_mem[5][13]" File: C:/Users/Om/Desktop/Project 2/dRAM.vhd Line: 12
    Warning (15610): No output dependent on input pin "Addr_mem[5][14]" File: C:/Users/Om/Desktop/Project 2/dRAM.vhd Line: 12
    Warning (15610): No output dependent on input pin "Addr_mem[5][15]" File: C:/Users/Om/Desktop/Project 2/dRAM.vhd Line: 12
    Warning (15610): No output dependent on input pin "Addr_mem[6][7]" File: C:/Users/Om/Desktop/Project 2/dRAM.vhd Line: 12
    Warning (15610): No output dependent on input pin "Addr_mem[6][8]" File: C:/Users/Om/Desktop/Project 2/dRAM.vhd Line: 12
    Warning (15610): No output dependent on input pin "Addr_mem[6][9]" File: C:/Users/Om/Desktop/Project 2/dRAM.vhd Line: 12
    Warning (15610): No output dependent on input pin "Addr_mem[6][10]" File: C:/Users/Om/Desktop/Project 2/dRAM.vhd Line: 12
    Warning (15610): No output dependent on input pin "Addr_mem[6][11]" File: C:/Users/Om/Desktop/Project 2/dRAM.vhd Line: 12
    Warning (15610): No output dependent on input pin "Addr_mem[6][12]" File: C:/Users/Om/Desktop/Project 2/dRAM.vhd Line: 12
    Warning (15610): No output dependent on input pin "Addr_mem[6][13]" File: C:/Users/Om/Desktop/Project 2/dRAM.vhd Line: 12
    Warning (15610): No output dependent on input pin "Addr_mem[6][14]" File: C:/Users/Om/Desktop/Project 2/dRAM.vhd Line: 12
    Warning (15610): No output dependent on input pin "Addr_mem[6][15]" File: C:/Users/Om/Desktop/Project 2/dRAM.vhd Line: 12
    Warning (15610): No output dependent on input pin "Addr_mem[7][7]" File: C:/Users/Om/Desktop/Project 2/dRAM.vhd Line: 12
    Warning (15610): No output dependent on input pin "Addr_mem[7][8]" File: C:/Users/Om/Desktop/Project 2/dRAM.vhd Line: 12
    Warning (15610): No output dependent on input pin "Addr_mem[7][9]" File: C:/Users/Om/Desktop/Project 2/dRAM.vhd Line: 12
    Warning (15610): No output dependent on input pin "Addr_mem[7][10]" File: C:/Users/Om/Desktop/Project 2/dRAM.vhd Line: 12
    Warning (15610): No output dependent on input pin "Addr_mem[7][11]" File: C:/Users/Om/Desktop/Project 2/dRAM.vhd Line: 12
    Warning (15610): No output dependent on input pin "Addr_mem[7][12]" File: C:/Users/Om/Desktop/Project 2/dRAM.vhd Line: 12
    Warning (15610): No output dependent on input pin "Addr_mem[7][13]" File: C:/Users/Om/Desktop/Project 2/dRAM.vhd Line: 12
    Warning (15610): No output dependent on input pin "Addr_mem[7][14]" File: C:/Users/Om/Desktop/Project 2/dRAM.vhd Line: 12
    Warning (15610): No output dependent on input pin "Addr_mem[7][15]" File: C:/Users/Om/Desktop/Project 2/dRAM.vhd Line: 12
    Warning (15610): No output dependent on input pin "ai_mem[7]" File: C:/Users/Om/Desktop/Project 2/dRAM.vhd Line: 17
    Warning (15610): No output dependent on input pin "ai_mem[8]" File: C:/Users/Om/Desktop/Project 2/dRAM.vhd Line: 17
    Warning (15610): No output dependent on input pin "ai_mem[9]" File: C:/Users/Om/Desktop/Project 2/dRAM.vhd Line: 17
    Warning (15610): No output dependent on input pin "ai_mem[10]" File: C:/Users/Om/Desktop/Project 2/dRAM.vhd Line: 17
    Warning (15610): No output dependent on input pin "ai_mem[11]" File: C:/Users/Om/Desktop/Project 2/dRAM.vhd Line: 17
    Warning (15610): No output dependent on input pin "ai_mem[12]" File: C:/Users/Om/Desktop/Project 2/dRAM.vhd Line: 17
    Warning (15610): No output dependent on input pin "ai_mem[13]" File: C:/Users/Om/Desktop/Project 2/dRAM.vhd Line: 17
    Warning (15610): No output dependent on input pin "ai_mem[14]" File: C:/Users/Om/Desktop/Project 2/dRAM.vhd Line: 17
    Warning (15610): No output dependent on input pin "ai_mem[15]" File: C:/Users/Om/Desktop/Project 2/dRAM.vhd Line: 17
Info (21057): Implemented 27316 device resources after synthesis - the final resource count might be different
    Info (21058): Implemented 300 input pins
    Info (21059): Implemented 145 output pins
    Info (21061): Implemented 26871 logic cells
Info: Quartus Prime Analysis & Synthesis was successful. 0 errors, 86 warnings
    Info: Peak virtual memory: 760 megabytes
    Info: Processing ended: Tue Nov 28 05:22:15 2017
    Info: Elapsed time: 00:01:12
    Info: Total CPU time (on all processors): 00:01:28


