Flow report for Project
Sun Nov  5 02:07:09 2017
Quartus Prime Version 16.1.0 Build 196 10/24/2016 SJ Lite Edition


---------------------
; Table of Contents ;
---------------------
  1. Legal Notice
  2. Flow Summary
  3. Flow Settings
  4. Flow Non-Default Global Settings
  5. Flow Elapsed Time
  6. Flow OS Summary
  7. Flow Log
  8. Flow Messages
  9. Flow Suppressed Messages



----------------
; Legal Notice ;
----------------
Copyright (C) 2016  Intel Corporation. All rights reserved.
Your use of Intel Corporation's design tools, logic functions 
and other software and tools, and its AMPP partner logic 
functions, and any output files from any of the foregoing 
(including device programming or simulation files), and any 
associated documentation or information are expressly subject 
to the terms and conditions of the Intel Program License 
Subscription Agreement, the Intel Quartus Prime License Agreement,
the Intel MegaCore Function License Agreement, or other 
applicable license agreement, including, without limitation, 
that your use is for the sole purpose of programming logic 
devices manufactured by Intel and sold by Intel or its 
authorized distributors.  Please refer to the applicable 
agreement for further details.



+---------------------------------------------------------------------+
; Flow Summary                                                        ;
+-----------------------+---------------------------------------------+
; Flow Status           ; Successful - Sun Nov  5 02:07:09 2017       ;
; Quartus Prime Version ; 16.1.0 Build 196 10/24/2016 SJ Lite Edition ;
; Revision Name         ; Project                                     ;
; Top-level Entity Name ; IITB_RISC                                   ;
; Family                ; MAX V                                       ;
; Device                ; 5M1270ZT144C5                               ;
; Timing Models         ; Final                                       ;
; Total logic elements  ; 0 / 1,270 ( 0 % )                           ;
; Total pins            ; 2 / 114 ( 2 % )                             ;
; Total virtual pins    ; 0                                           ;
; UFM blocks            ; 0 / 1 ( 0 % )                               ;
+-----------------------+---------------------------------------------+


+-----------------------------------------+
; Flow Settings                           ;
+-------------------+---------------------+
; Option            ; Setting             ;
+-------------------+---------------------+
; Start date & time ; 11/05/2017 02:06:38 ;
; Main task         ; Compilation         ;
; Revision Name     ; Project             ;
+-------------------+---------------------+


+----------------------------------------------------------------------------------------------------------------+
; Flow Non-Default Global Settings                                                                               ;
+-------------------------------+---------------------------------+---------------+-------------+----------------+
; Assignment Name               ; Value                           ; Default Value ; Entity Name ; Section Id     ;
+-------------------------------+---------------------------------+---------------+-------------+----------------+
; COMPILER_SIGNATURE_ID         ; 237897749938097.150982779726936 ; --            ; --          ; --             ;
; EDA_OUTPUT_DATA_FORMAT        ; Vhdl                            ; --            ; --          ; eda_simulation ;
; EDA_SIMULATION_TOOL           ; ModelSim-Altera (VHDL)          ; <None>        ; --          ; --             ;
; EDA_TIME_SCALE                ; 1 ps                            ; --            ; --          ; eda_simulation ;
; MAX_CORE_JUNCTION_TEMP        ; 85                              ; --            ; --          ; --             ;
; MIN_CORE_JUNCTION_TEMP        ; 0                               ; --            ; --          ; --             ;
; POWER_PRESET_COOLING_SOLUTION ; No Heat Sink With Still Air     ; --            ; --          ; --             ;
; PROJECT_OUTPUT_DIRECTORY      ; output_files                    ; --            ; --          ; --             ;
; TOP_LEVEL_ENTITY              ; IITB_RISC                       ; Project       ; --          ; --             ;
+-------------------------------+---------------------------------+---------------+-------------+----------------+


+-------------------------------------------------------------------------------------------------------------------------------+
; Flow Elapsed Time                                                                                                             ;
+---------------------------+--------------+-------------------------+---------------------+------------------------------------+
; Module Name               ; Elapsed Time ; Average Processors Used ; Peak Virtual Memory ; Total CPU Time (on all processors) ;
+---------------------------+--------------+-------------------------+---------------------+------------------------------------+
; Analysis & Synthesis      ; 00:00:22     ; 1.0                     ; 935 MB              ; 00:00:47                           ;
; Fitter                    ; 00:00:02     ; 1.0                     ; 1030 MB             ; 00:00:01                           ;
; Assembler                 ; 00:00:00     ; 1.0                     ; 791 MB              ; 00:00:01                           ;
; TimeQuest Timing Analyzer ; 00:00:01     ; 1.0                     ; 706 MB              ; 00:00:01                           ;
; EDA Netlist Writer        ; 00:00:01     ; 1.0                     ; 1021 MB             ; 00:00:01                           ;
; Total                     ; 00:00:26     ; --                      ; --                  ; 00:00:51                           ;
+---------------------------+--------------+-------------------------+---------------------+------------------------------------+


+---------------------------------------------------------------------------------------------+
; Flow OS Summary                                                                             ;
+---------------------------+------------------+----------------+------------+----------------+
; Module Name               ; Machine Hostname ; OS Name        ; OS Version ; Processor type ;
+---------------------------+------------------+----------------+------------+----------------+
; Analysis & Synthesis      ; ubuntu           ; Ubuntu 16.04.3 ; 16         ; x86_64         ;
; Fitter                    ; ubuntu           ; Ubuntu 16.04.3 ; 16         ; x86_64         ;
; Assembler                 ; ubuntu           ; Ubuntu 16.04.3 ; 16         ; x86_64         ;
; TimeQuest Timing Analyzer ; ubuntu           ; Ubuntu 16.04.3 ; 16         ; x86_64         ;
; EDA Netlist Writer        ; ubuntu           ; Ubuntu 16.04.3 ; 16         ; x86_64         ;
+---------------------------+------------------+----------------+------------+----------------+


------------
; Flow Log ;
------------
quartus_map --read_settings_files=on --write_settings_files=off Project -c Project
quartus_fit --read_settings_files=off --write_settings_files=off Project -c Project
quartus_asm --read_settings_files=off --write_settings_files=off Project -c Project
quartus_sta Project -c Project
quartus_eda --read_settings_files=off --write_settings_files=off Project -c Project



